<?xml version="1.0" encoding="UTF-8"?>
<!-- Generated by org.testng.reporters.JUnitReportReporter -->
<testsuite hostname="DESKTOP-4334PHR" name="com.test.testcode.TestTwo" tests="1" failures="0" timestamp="10 Dec 2020 03:58:20 GMT" time="8.772" errors="0">
  <testcase name="demo" time="8.772" classname="com.test.testcode.TestTwo"/>
</testsuite> <!-- com.test.testcode.TestTwo -->
