<?xml version="1.0" encoding="UTF-8"?>
<!-- Generated by org.testng.reporters.JUnitReportReporter -->
<testsuite hostname="DESKTOP-4334PHR" name="com.test.testcode.TestOne" tests="1" failures="0" timestamp="10 Dec 2020 03:58:20 GMT" time="13.777" errors="0">
  <testcase name="test" time="13.777" classname="com.test.testcode.TestOne"/>
</testsuite> <!-- com.test.testcode.TestOne -->
