<?xml version="1.0" encoding="UTF-8"?>
<!-- Generated by org.testng.reporters.JUnitReportReporter -->
<testsuite hostname="DESKTOP-4334PHR" name="com.test.testcode.TestOne" tests="1" failures="0" timestamp="9 Dec 2020 04:23:27 GMT" time="0.009" errors="0">
  <testcase name="test" time="0.009" classname="com.test.testcode.TestOne"/>
</testsuite> <!-- com.test.testcode.TestOne -->
